glusupport.obj : error LNK2001: __imp___glewGetShaderiv 외부 기호를 확인할 수 없습니다.
glusupport.obj : error LNK2001: __imp___glewCompileShader 외부 기호를 확인할 수 없습니다.
glusupport.obj : error LNK2001: __imp___glewCreateShader 외부 기호를 확인할 수 없습니다.
glusupport.obj : error LNK2001: __imp___glewCreateProgram 외부 기호를 확인할 수 없습니다.
glusupport.obj : error LNK2001: __imp___glewGetShaderInfoLog 외부 기호를 확인할 수 없습니다.
glusupport.obj : error LNK2001: __imp___glewAttachShader 외부 기호를 확인할 수 없습니다.
glusupport.obj : error LNK2001: __imp___glewShaderSource 외부 기호를 확인할 수 없습니다.
glusupport.obj : error LNK2001: __imp___glewDeleteShader 외부 기호를 확인할 수 없습니다.
glusupport.obj : error LNK2001: __imp___glewLinkProgram 외부 기호를 확인할 수 없습니다.
multilight.obj : error LNK2001: __imp___glewEnableVertexAttribArray 외부 기호를 확인할 수 없습니다.
multilight.obj : error LNK2001: __imp___glewBindVertexArray 외부 기호를 확인할 수 없습니다.
multilight.obj : error LNK2001: __imp___glewUseProgram 외부 기호를 확인할 수 없습니다.
multilight.obj : error LNK2001: __imp___glewVertexAttribPointer 외부 기호를 확인할 수 없습니다.
multilight.obj : error LNK2001: __imp_glutReshapeFunc 외부 기호를 확인할 수 없습니다.
multilight.obj : error LNK2001: __imp___glutCreateWindowWithExit 외부 기호를 확인할 수 없습니다.
multilight.obj : error LNK2001: __imp_glutMouseFunc 외부 기호를 확인할 수 없습니다.
multilight.obj : error LNK2001: __imp___glutInitWithExit 외부 기호를 확인할 수 없습니다.
multilight.obj : error LNK2001: __imp___glewBindBuffer 외부 기호를 확인할 수 없습니다.
multilight.obj : error LNK2001: __imp___glewUniform1i 외부 기호를 확인할 수 없습니다.
multilight.obj : error LNK2001: __imp___glewBufferSubData 외부 기호를 확인할 수 없습니다.
multilight.obj : error LNK2001: __imp_glutPostRedisplay 외부 기호를 확인할 수 없습니다.
multilight.obj : error LNK2001: __imp_glutKeyboardFunc 외부 기호를 확인할 수 없습니다.
multilight.obj : error LNK2001: __imp___glewUniform1f 외부 기호를 확인할 수 없습니다.
multilight.obj : error LNK2001: __imp___glewGetUniformLocation 외부 기호를 확인할 수 없습니다.
multilight.obj : error LNK2001: __imp_glutIdleFunc 외부 기호를 확인할 수 없습니다.
multilight.obj : error LNK2001: __imp___glewBufferData 외부 기호를 확인할 수 없습니다.
multilight.obj : error LNK2001: __imp_glutInitDisplayMode 외부 기호를 확인할 수 없습니다.
multilight.obj : error LNK2001: __imp___glewActiveTexture 외부 기호를 확인할 수 없습니다.
multilight.obj : error LNK2001: __imp___glewDeleteProgram 외부 기호를 확인할 수 없습니다.
multilight.obj : error LNK2001: __imp___glewGenVertexArrays 외부 기호를 확인할 수 없습니다.
multilight.obj : error LNK2001: __imp___glewUniformMatrix4fv 외부 기호를 확인할 수 없습니다.
multilight.obj : error LNK2001: __imp_glutDisplayFunc 외부 기호를 확인할 수 없습니다.
multilight.obj : error LNK2001: __imp_glutMainLoop 외부 기호를 확인할 수 없습니다.
multilight.obj : error LNK2001: __imp___glewGenBuffers 외부 기호를 확인할 수 없습니다.
multilight.obj : error LNK2001: __imp_glutMotionFunc 외부 기호를 확인할 수 없습니다.
multilight.obj : error LNK2001: __imp___glewUniform3f 외부 기호를 확인할 수 없습니다.
multilight.obj : error LNK2001: __imp___glewUniform4fv 외부 기호를 확인할 수 없습니다.
multilight.obj : error LNK2001: __imp_glutInitWindowSize 외부 기호를 확인할 수 없습니다.
multilight.obj : error LNK2001: __imp_glewInit 외부 기호를 확인할 수 없습니다.
multilight.obj : error LNK2001: __imp_glutSwapBuffers 외부 기호를 확인할 수 없습니다.
C:\Users\Administrator\Desktop\[인터랙티브그래픽스]기말프로젝트_최은진\x64\Release\Project17.exe : fatal error LNK1120: 40개의 확인할 수 없는 외부 참조입니다.
