C:\Program Files (x86)\Microsoft Visual Studio\2017\Community\Common7\IDE\VC\VCTargets\Microsoft.CppBuild.targets(391,5): warning MSB8028: 중간 디렉터리(Release\)에 다른 프로젝트(graphics_20165968.vcxproj, graphics_final_20165968.vcxproj)에서 공유하는 파일이 포함되어 있습니다.  이로 인해 잘못된 정리 및 다시 빌드 동작이 수행될 수 있습니다.
  finalproject_20165968_맹채정.cpp
c:\users\administrator\desktop\그래픽스기말과제_20165868_맹채정\project17\camera.h(593): warning C4244: '초기화 중': 'double'에서 'GLfloat'(으)로 변환하면서 데이터가 손실될 수 있습니다.
c:\users\administrator\desktop\그래픽스기말과제_20165868_맹채정\project17\camera.h(604): warning C4244: '초기화 중': 'double'에서 'GLfloat'(으)로 변환하면서 데이터가 손실될 수 있습니다.
c:\users\administrator\desktop\그래픽스기말과제_20165868_맹채정\project17\camera.h(615): warning C4244: '초기화 중': 'double'에서 'GLfloat'(으)로 변환하면서 데이터가 손실될 수 있습니다.
c:\users\administrator\desktop\그래픽스기말과제_20165868_맹채정\project17\camera.h(635): warning C4244: '=': 'double'에서 'GLfloat'(으)로 변환하면서 데이터가 손실될 수 있습니다.
c:\users\administrator\desktop\그래픽스기말과제_20165868_맹채정\project17\camera.h(636): warning C4244: '=': 'double'에서 'GLfloat'(으)로 변환하면서 데이터가 손실될 수 있습니다.
c:\users\administrator\desktop\그래픽스기말과제_20165868_맹채정\project17\camera.h(637): warning C4244: '=': 'double'에서 'GLfloat'(으)로 변환하면서 데이터가 손실될 수 있습니다.
c:\users\administrator\desktop\그래픽스기말과제_20165868_맹채정\project17\camera.h(722): warning C4244: '=': 'double'에서 'GLfloat'(으)로 변환하면서 데이터가 손실될 수 있습니다.
c:\users\administrator\desktop\그래픽스기말과제_20165868_맹채정\project17\camera.h(723): warning C4244: '=': 'double'에서 'GLfloat'(으)로 변환하면서 데이터가 손실될 수 있습니다.
c:\users\administrator\desktop\그래픽스기말과제_20165868_맹채정\project17\camera.h(724): warning C4244: '=': 'double'에서 'GLfloat'(으)로 변환하면서 데이터가 손실될 수 있습니다.
c:\users\administrator\desktop\그래픽스기말과제_20165868_맹채정\project17\camera.h(743): warning C4244: '=': 'double'에서 'GLfloat'(으)로 변환하면서 데이터가 손실될 수 있습니다.
c:\users\administrator\desktop\그래픽스기말과제_20165868_맹채정\project17\camera.h(745): warning C4244: '=': 'double'에서 'GLfloat'(으)로 변환하면서 데이터가 손실될 수 있습니다.
c:\users\administrator\desktop\그래픽스기말과제_20165868_맹채정\project17\camera.h(748): warning C4244: '=': 'double'에서 'GLfloat'(으)로 변환하면서 데이터가 손실될 수 있습니다.
c:\users\administrator\desktop\그래픽스기말과제_20165868_맹채정\project17\camera.h(756): warning C4244: '초기화 중': 'double'에서 'GLfloat'(으)로 변환하면서 데이터가 손실될 수 있습니다.
c:\users\administrator\desktop\그래픽스기말과제_20165868_맹채정\project17\camera.h(763): warning C4244: '=': 'double'에서 'GLfloat'(으)로 변환하면서 데이터가 손실될 수 있습니다.
c:\users\administrator\desktop\그래픽스기말과제_20165868_맹채정\project17\finalproject_20165968_맹채정.cpp(45): warning C4244: 'return': 'double'에서 'float'(으)로 변환하면서 데이터가 손실될 수 있습니다.
c:\users\administrator\desktop\그래픽스기말과제_20165868_맹채정\project17\finalproject_20165968_맹채정.cpp(56): warning C4244: '초기화 중': 'double'에서 'GLubyte'(으)로 변환하면서 데이터가 손실될 수 있습니다.
c:\users\administrator\desktop\그래픽스기말과제_20165868_맹채정\project17\finalproject_20165968_맹채정.cpp(60): warning C4244: '=': 'float'에서 'GLubyte'(으)로 변환하면서 데이터가 손실될 수 있습니다.
c:\users\administrator\desktop\그래픽스기말과제_20165868_맹채정\project17\finalproject_20165968_맹채정.cpp(92): warning C4305: '초기화 중': 'double'에서 'float'(으)로 잘립니다.
c:\users\administrator\desktop\그래픽스기말과제_20165868_맹채정\project17\finalproject_20165968_맹채정.cpp(203): warning C4305: '=': 'double'에서 'float'(으)로 잘립니다.
c:\users\administrator\desktop\그래픽스기말과제_20165868_맹채정\project17\finalproject_20165968_맹채정.cpp(222): warning C4244: '인수': 'double'에서 'GLfloat'(으)로 변환하면서 데이터가 손실될 수 있습니다.
c:\users\administrator\desktop\그래픽스기말과제_20165868_맹채정\project17\finalproject_20165968_맹채정.cpp(223): warning C4244: '인수': 'double'에서 'GLfloat'(으)로 변환하면서 데이터가 손실될 수 있습니다.
c:\users\administrator\desktop\그래픽스기말과제_20165868_맹채정\project17\finalproject_20165968_맹채정.cpp(224): warning C4244: '인수': 'double'에서 'GLfloat'(으)로 변환하면서 데이터가 손실될 수 있습니다.
c:\users\administrator\desktop\그래픽스기말과제_20165868_맹채정\project17\finalproject_20165968_맹채정.cpp(235): warning C4244: '초기화 중': 'float'에서 'int'(으)로 변환하면서 데이터가 손실될 수 있습니다.
c:\users\administrator\desktop\그래픽스기말과제_20165868_맹채정\project17\finalproject_20165968_맹채정.cpp(236): warning C4244: '초기화 중': 'float'에서 'int'(으)로 변환하면서 데이터가 손실될 수 있습니다.
c:\users\administrator\desktop\그래픽스기말과제_20165868_맹채정\project17\finalproject_20165968_맹채정.cpp(241): warning C4305: '+=': 'double'에서 'float'(으)로 잘립니다.
c:\users\administrator\desktop\그래픽스기말과제_20165868_맹채정\project17\finalproject_20165968_맹채정.cpp(317): warning C4305: '인수': 'double'에서 'GLfloat'(으)로 잘립니다.
c:\users\administrator\desktop\그래픽스기말과제_20165868_맹채정\project17\finalproject_20165968_맹채정.cpp(318): warning C4305: '인수': 'double'에서 'GLfloat'(으)로 잘립니다.
c:\users\administrator\desktop\그래픽스기말과제_20165868_맹채정\project17\finalproject_20165968_맹채정.cpp(320): warning C4305: '인수': 'double'에서 'GLfloat'(으)로 잘립니다.
c:\users\administrator\desktop\그래픽스기말과제_20165868_맹채정\project17\finalproject_20165968_맹채정.cpp(321): warning C4305: '인수': 'double'에서 'GLfloat'(으)로 잘립니다.
c:\users\administrator\desktop\그래픽스기말과제_20165868_맹채정\project17\finalproject_20165968_맹채정.cpp(401): warning C4305: '인수': 'double'에서 'float'(으)로 잘립니다.
c:\users\administrator\desktop\그래픽스기말과제_20165868_맹채정\project17\finalproject_20165968_맹채정.cpp(405): warning C4244: '=': 'double'에서 'GLfloat'(으)로 변환하면서 데이터가 손실될 수 있습니다.
c:\users\administrator\desktop\그래픽스기말과제_20165868_맹채정\project17\finalproject_20165968_맹채정.cpp(445): warning C4305: '인수': 'double'에서 'GLclampf'(으)로 잘립니다.
c:\users\administrator\desktop\그래픽스기말과제_20165868_맹채정\project17\finalproject_20165968_맹채정.cpp(463): warning C4244: '인수': 'double'에서 'const GLfloat'(으)로 변환하면서 데이터가 손실될 수 있습니다.
c:\users\administrator\desktop\그래픽스기말과제_20165868_맹채정\project17\finalproject_20165968_맹채정.cpp(478): warning C4244: '인수': 'double'에서 'const GLfloat'(으)로 변환하면서 데이터가 손실될 수 있습니다.
c:\users\administrator\desktop\그래픽스기말과제_20165868_맹채정\project17\finalproject_20165968_맹채정.cpp(493): warning C4244: '인수': 'double'에서 'const GLfloat'(으)로 변환하면서 데이터가 손실될 수 있습니다.
c:\users\administrator\desktop\그래픽스기말과제_20165868_맹채정\project17\finalproject_20165968_맹채정.cpp(508): warning C4244: '인수': 'double'에서 'const GLfloat'(으)로 변환하면서 데이터가 손실될 수 있습니다.
c:\users\administrator\desktop\그래픽스기말과제_20165868_맹채정\project17\finalproject_20165968_맹채정.cpp(523): warning C4244: '인수': 'double'에서 'const GLfloat'(으)로 변환하면서 데이터가 손실될 수 있습니다.
c:\users\administrator\desktop\그래픽스기말과제_20165868_맹채정\project17\finalproject_20165968_맹채정.cpp(538): warning C4244: '인수': 'double'에서 'const GLfloat'(으)로 변환하면서 데이터가 손실될 수 있습니다.
c:\users\administrator\desktop\그래픽스기말과제_20165868_맹채정\project17\finalproject_20165968_맹채정.cpp(553): warning C4244: '인수': 'double'에서 'const GLfloat'(으)로 변환하면서 데이터가 손실될 수 있습니다.
c:\users\administrator\desktop\그래픽스기말과제_20165868_맹채정\project17\finalproject_20165968_맹채정.cpp(568): warning C4244: '인수': 'double'에서 'const GLfloat'(으)로 변환하면서 데이터가 손실될 수 있습니다.
c:\users\administrator\desktop\그래픽스기말과제_20165868_맹채정\project17\finalproject_20165968_맹채정.cpp(589): warning C4244: '인수': 'double'에서 'const GLfloat'(으)로 변환하면서 데이터가 손실될 수 있습니다.
c:\users\administrator\desktop\그래픽스기말과제_20165868_맹채정\project17\finalproject_20165968_맹채정.cpp(605): warning C4244: '인수': 'double'에서 'const GLfloat'(으)로 변환하면서 데이터가 손실될 수 있습니다.
c:\users\administrator\desktop\그래픽스기말과제_20165868_맹채정\project17\finalproject_20165968_맹채정.cpp(620): warning C4244: '인수': 'double'에서 'const GLfloat'(으)로 변환하면서 데이터가 손실될 수 있습니다.
c:\users\administrator\desktop\그래픽스기말과제_20165868_맹채정\project17\finalproject_20165968_맹채정.cpp(636): warning C4244: '인수': 'double'에서 'const GLfloat'(으)로 변환하면서 데이터가 손실될 수 있습니다.
c:\users\administrator\desktop\그래픽스기말과제_20165868_맹채정\project17\finalproject_20165968_맹채정.cpp(653): warning C4244: '인수': 'double'에서 'const GLfloat'(으)로 변환하면서 데이터가 손실될 수 있습니다.
c:\users\administrator\desktop\그래픽스기말과제_20165868_맹채정\project17\finalproject_20165968_맹채정.cpp(674): warning C4244: '인수': 'double'에서 'const GLfloat'(으)로 변환하면서 데이터가 손실될 수 있습니다.
c:\users\administrator\desktop\그래픽스기말과제_20165868_맹채정\project17\finalproject_20165968_맹채정.cpp(678): warning C4244: '인수': 'double'에서 'const GLfloat'(으)로 변환하면서 데이터가 손실될 수 있습니다.
c:\users\administrator\desktop\그래픽스기말과제_20165868_맹채정\project17\finalproject_20165968_맹채정.cpp(690): warning C4244: '인수': 'double'에서 'const GLfloat'(으)로 변환하면서 데이터가 손실될 수 있습니다.
c:\users\administrator\desktop\그래픽스기말과제_20165868_맹채정\project17\finalproject_20165968_맹채정.cpp(694): warning C4244: '인수': 'double'에서 'const GLfloat'(으)로 변환하면서 데이터가 손실될 수 있습니다.
c:\users\administrator\desktop\그래픽스기말과제_20165868_맹채정\project17\finalproject_20165968_맹채정.cpp(706): warning C4244: '인수': 'double'에서 'const GLfloat'(으)로 변환하면서 데이터가 손실될 수 있습니다.
c:\users\administrator\desktop\그래픽스기말과제_20165868_맹채정\project17\finalproject_20165968_맹채정.cpp(710): warning C4244: '인수': 'double'에서 'const GLfloat'(으)로 변환하면서 데이터가 손실될 수 있습니다.
c:\users\administrator\desktop\그래픽스기말과제_20165868_맹채정\project17\finalproject_20165968_맹채정.cpp(722): warning C4244: '인수': 'double'에서 'const GLfloat'(으)로 변환하면서 데이터가 손실될 수 있습니다.
c:\users\administrator\desktop\그래픽스기말과제_20165868_맹채정\project17\finalproject_20165968_맹채정.cpp(724): warning C4244: '인수': 'double'에서 'const GLfloat'(으)로 변환하면서 데이터가 손실될 수 있습니다.
c:\users\administrator\desktop\그래픽스기말과제_20165868_맹채정\project17\finalproject_20165968_맹채정.cpp(737): warning C4244: '인수': 'double'에서 'const GLfloat'(으)로 변환하면서 데이터가 손실될 수 있습니다.
c:\users\administrator\desktop\그래픽스기말과제_20165868_맹채정\project17\finalproject_20165968_맹채정.cpp(740): warning C4244: '인수': 'double'에서 'const GLfloat'(으)로 변환하면서 데이터가 손실될 수 있습니다.
c:\users\administrator\desktop\그래픽스기말과제_20165868_맹채정\project17\finalproject_20165968_맹채정.cpp(751): warning C4244: '인수': 'double'에서 'const GLfloat'(으)로 변환하면서 데이터가 손실될 수 있습니다.
c:\users\administrator\desktop\그래픽스기말과제_20165868_맹채정\project17\finalproject_20165968_맹채정.cpp(753): warning C4244: '인수': 'double'에서 'const GLfloat'(으)로 변환하면서 데이터가 손실될 수 있습니다.
c:\users\administrator\desktop\그래픽스기말과제_20165868_맹채정\project17\finalproject_20165968_맹채정.cpp(771): warning C4244: '인수': 'double'에서 'const GLfloat'(으)로 변환하면서 데이터가 손실될 수 있습니다.
c:\users\administrator\desktop\그래픽스기말과제_20165868_맹채정\project17\finalproject_20165968_맹채정.cpp(772): warning C4244: '인수': 'double'에서 'const GLfloat'(으)로 변환하면서 데이터가 손실될 수 있습니다.
c:\users\administrator\desktop\그래픽스기말과제_20165868_맹채정\project17\finalproject_20165968_맹채정.cpp(773): warning C4244: '인수': 'double'에서 'const GLfloat'(으)로 변환하면서 데이터가 손실될 수 있습니다.
c:\users\administrator\desktop\그래픽스기말과제_20165868_맹채정\project17\finalproject_20165968_맹채정.cpp(901): warning C4305: '인수': 'double'에서 'GLclampf'(으)로 잘립니다.
c:\users\administrator\desktop\그래픽스기말과제_20165868_맹채정\project17\finalproject_20165968_맹채정.cpp(893): warning C4101: 'z' :참조되지 않은 지역 변수입니다.
c:\users\administrator\desktop\그래픽스기말과제_20165868_맹채정\project17\finalproject_20165968_맹채정.cpp(893): warning C4101: 'y' :참조되지 않은 지역 변수입니다.
c:\users\administrator\desktop\그래픽스기말과제_20165868_맹채정\project17\finalproject_20165968_맹채정.cpp(893): warning C4101: 'x' :참조되지 않은 지역 변수입니다.
c:\users\administrator\desktop\그래픽스기말과제_20165868_맹채정\project17\finalproject_20165968_맹채정.cpp(892): warning C4101: 'j' :참조되지 않은 지역 변수입니다.
c:\users\administrator\desktop\그래픽스기말과제_20165868_맹채정\project17\finalproject_20165968_맹채정.cpp(892): warning C4101: 'i' :참조되지 않은 지역 변수입니다.
c:\users\administrator\desktop\그래픽스기말과제_20165868_맹채정\project17\finalproject_20165968_맹채정.cpp(943): warning C4305: '인수': 'double'에서 'GLclampf'(으)로 잘립니다.
c:\users\administrator\desktop\그래픽스기말과제_20165868_맹채정\project17\finalproject_20165968_맹채정.cpp(957): warning C4244: '=': 'double'에서 'float'(으)로 변환하면서 데이터가 손실될 수 있습니다.
c:\users\administrator\desktop\그래픽스기말과제_20165868_맹채정\project17\finalproject_20165968_맹채정.cpp(959): warning C4244: '=': 'double'에서 'float'(으)로 변환하면서 데이터가 손실될 수 있습니다.
c:\users\administrator\desktop\그래픽스기말과제_20165868_맹채정\project17\finalproject_20165968_맹채정.cpp(1039): warning C4244: '=': 'double'에서 'GLfloat'(으)로 변환하면서 데이터가 손실될 수 있습니다.
c:\users\administrator\desktop\그래픽스기말과제_20165868_맹채정\project17\finalproject_20165968_맹채정.cpp(1040): warning C4244: '=': 'double'에서 'GLfloat'(으)로 변환하면서 데이터가 손실될 수 있습니다.
c:\users\administrator\desktop\그래픽스기말과제_20165868_맹채정\project17\finalproject_20165968_맹채정.cpp(1043): warning C4305: '인수': 'double'에서 'float'(으)로 잘립니다.
c:\users\administrator\desktop\그래픽스기말과제_20165868_맹채정\project17\finalproject_20165968_맹채정.cpp(1045): warning C4244: '=': 'double'에서 'GLfloat'(으)로 변환하면서 데이터가 손실될 수 있습니다.
c:\users\administrator\desktop\그래픽스기말과제_20165868_맹채정\project17\finalproject_20165968_맹채정.cpp(1049): warning C4244: '=': 'double'에서 'float'(으)로 변환하면서 데이터가 손실될 수 있습니다.
c:\users\administrator\desktop\그래픽스기말과제_20165868_맹채정\project17\finalproject_20165968_맹채정.cpp(1055): warning C4305: '인수': 'double'에서 'const GLfloat'(으)로 잘립니다.
c:\users\administrator\desktop\그래픽스기말과제_20165868_맹채정\project17\finalproject_20165968_맹채정.cpp(1059): warning C4244: '인수': 'double'에서 'GLfloat'(으)로 변환하면서 데이터가 손실될 수 있습니다.
c:\users\administrator\desktop\그래픽스기말과제_20165868_맹채정\project17\finalproject_20165968_맹채정.cpp(1074): warning C4244: '=': 'double'에서 'float'(으)로 변환하면서 데이터가 손실될 수 있습니다.
c:\users\administrator\desktop\그래픽스기말과제_20165868_맹채정\project17\finalproject_20165968_맹채정.cpp(1075): warning C4244: '=': 'double'에서 'float'(으)로 변환하면서 데이터가 손실될 수 있습니다.
c:\users\administrator\desktop\그래픽스기말과제_20165868_맹채정\project17\finalproject_20165968_맹채정.cpp(1082): warning C4305: '인수': 'double'에서 'float'(으)로 잘립니다.
c:\users\administrator\desktop\그래픽스기말과제_20165868_맹채정\project17\finalproject_20165968_맹채정.cpp(1084): warning C4244: '=': 'double'에서 'GLfloat'(으)로 변환하면서 데이터가 손실될 수 있습니다.
c:\users\administrator\desktop\그래픽스기말과제_20165868_맹채정\project17\finalproject_20165968_맹채정.cpp(1071): warning C4101: 'theta' :참조되지 않은 지역 변수입니다.
c:\users\administrator\desktop\그래픽스기말과제_20165868_맹채정\project17\finalproject_20165968_맹채정.cpp(1071): warning C4101: 's' :참조되지 않은 지역 변수입니다.
c:\users\administrator\desktop\그래픽스기말과제_20165868_맹채정\project17\finalproject_20165968_맹채정.cpp(1071): warning C4101: 'angle' :참조되지 않은 지역 변수입니다.
c:\users\administrator\desktop\그래픽스기말과제_20165868_맹채정\project17\finalproject_20165968_맹채정.cpp(1102): warning C4305: '초기화 중': 'double'에서 'GLfloat'(으)로 잘립니다.
  코드를 생성하고 있습니다.
  1 of 951 functions ( 0.1%) were compiled, the rest were copied from previous compilation.
    0 functions were new in current compilation
    1 functions had inline decision re-evaluated but remain unchanged
  코드를 생성했습니다.
  Project17.vcxproj -> C:\Users\Administrator\Desktop\그래픽스기말과제_20165868_맹채정\Release\Project17.exe
